2015-10-20 10:00:53 [-][-][-][error][yii\base\ErrorException:32] exception 'yii\base\ErrorException' with message 'PHP Startup: Unable to load dynamic library 'ext\php_sybase_ct.dll' - 找不到指定的模块。
' in Unknown:0
Stack trace:
#0 [internal function]: yii\base\ErrorHandler->handleFatalError()
#1 {main}
2015-10-20 09:58:20 [-][-][-][info][application] $_SERVER = [
    'ALLUSERSPROFILE' => 'C:\\ProgramData'
    'ANDROID_SDK_HOME' => 'E:\\Android\\sdk'
    'APPDATA' => 'C:\\Users\\sq\\AppData\\Roaming'
    'CLASSPATH' => 'C:\\Program Files\\Java\\jdk1.7.0_79\\lib;C:\\Program Files\\Java\\jdk1.7.0_79\\lib\\tools.jar'
    'CommonProgramFiles' => 'C:\\Program Files\\Common Files'
    'CommonProgramFiles(x86)' => 'C:\\Program Files (x86)\\Common Files'
    'CommonProgramW6432' => 'C:\\Program Files\\Common Files'
    'COMPUTERNAME' => 'PC'
    'ComSpec' => 'C:\\WINDOWS\\system32\\cmd.exe'
    'FPS_BROWSER_APP_PROFILE_STRING' => 'Internet Explorer'
    'FPS_BROWSER_USER_PROFILE_STRING' => 'Default'
    'FP_NO_HOST_CHECK' => 'NO'
    'GOOGLE_APPLICATION_CREDENTIALS' => 'C:\\Users\\sq\\Downloads\\client_secrets.json'
    'HOMEDRIVE' => 'C:'
    'HOMEPATH' => '\\Users\\sq'
    'JAVA_HOME' => 'C:\\Program Files\\Java\\jdk1.7.0_79'
    'LOCALAPPDATA' => 'C:\\Users\\sq\\AppData\\Local'
    'LOGONSERVER' => '\\\\PC'
    'MOZ_PLUGIN_PATH' => 'C:\\Program Files (x86)\\Foxit Software\\Foxit Reader\\plugins\\'
    'NUMBER_OF_PROCESSORS' => '8'
    'OS' => 'Windows_NT'
    'Path' => 'C:\\ProgramData\\Oracle\\Java\\javapath;C:\\WINDOWS\\system32;C:\\WINDOWS;C:\\WINDOWS\\System32\\Wbem;C:\\WINDOWS\\System32\\WindowsPowerShell\\v1.0\\;C:\\Program Files\\Java\\jdk1.7.0_79\\bin;C:\\Program Files\\Java\\jdk1.7.0_79\\jre\\bin;C:\\Program Files\\nodejs\\;C:\\Program Files (x86)\\scala\\bin;C:\\Python27;C:\\Program Files\\Google\\Cloud SDK\\google-cloud-sdk\\bin;C:\\ProgramData\\ComposerSetup\\bin;C:\\Program Files\\TortoiseSVN\\bin;E:\\wamp\\php-5.5.30-Win32-VC11-x64;C:\\Users\\sq\\AppData\\Roaming\\npm'
    'PATHEXT' => '.COM;.EXE;.BAT;.CMD;.VBS;.VBE;.JS;.JSE;.WSF;.WSH;.MSC'
    'PHP_COMMAND' => 'php.exe'
    'PROCESSOR_ARCHITECTURE' => 'AMD64'
    'PROCESSOR_IDENTIFIER' => 'Intel64 Family 6 Model 42 Stepping 7, GenuineIntel'
    'PROCESSOR_LEVEL' => '6'
    'PROCESSOR_REVISION' => '2a07'
    'ProgramData' => 'C:\\ProgramData'
    'ProgramFiles' => 'C:\\Program Files'
    'ProgramFiles(x86)' => 'C:\\Program Files (x86)'
    'ProgramW6432' => 'C:\\Program Files'
    'PROMPT' => '$P$G'
    'PSModulePath' => 'C:\\WINDOWS\\system32\\WindowsPowerShell\\v1.0\\Modules\\'
    'PUBLIC' => 'C:\\Users\\Public'
    'SESSIONNAME' => 'Console'
    'SystemDrive' => 'C:'
    'SystemRoot' => 'C:\\WINDOWS'
    'TEMP' => 'C:\\Users\\sq\\AppData\\Local\\Temp'
    'TMP' => 'C:\\Users\\sq\\AppData\\Local\\Temp'
    'USERDOMAIN' => 'pc'
    'USERDOMAIN_ROAMINGPROFILE' => 'pc'
    'USERNAME' => 'sq'
    'USERPROFILE' => 'C:\\Users\\sq'
    'VBOX_MSI_INSTALL_PATH' => 'C:\\Program Files\\Oracle\\VirtualBox\\'
    'windir' => 'C:\\WINDOWS'
    'YII_PATH' => 'F:\\gitspace\\jsshop\\'
    'PHP_SELF' => 'F:\\gitspace\\jsshop\\yii'
    'SCRIPT_NAME' => 'F:\\gitspace\\jsshop\\yii'
    'SCRIPT_FILENAME' => 'F:\\gitspace\\jsshop\\yii'
    'PATH_TRANSLATED' => 'F:\\gitspace\\jsshop\\yii'
    'DOCUMENT_ROOT' => ''
    'REQUEST_TIME_FLOAT' => 1445306300.27
    'REQUEST_TIME' => 1445306300
    'argv' => [
        0 => 'F:\\gitspace\\jsshop\\yii'
        1 => 'migrate'
    ]
    'argc' => 2
]
2015-10-20 10:05:27 [-][-][-][error][yii\db\Exception] exception 'PDOException' with message 'SQLSTATE[HY000] [1049] Unknown database 'yii2advanced'' in F:\gitspace\jsshop\vendor\yiisoft\yii2\db\Connection.php:579
Stack trace:
#0 F:\gitspace\jsshop\vendor\yiisoft\yii2\db\Connection.php(579): PDO->__construct('mysql:host=loca...', 'root', '', NULL)
#1 F:\gitspace\jsshop\vendor\yiisoft\yii2\db\Connection.php(529): yii\db\Connection->createPdoInstance()
#2 F:\gitspace\jsshop\vendor\yiisoft\yii2\db\Connection.php(836): yii\db\Connection->open()
#3 F:\gitspace\jsshop\vendor\yiisoft\yii2\db\Connection.php(823): yii\db\Connection->getMasterPdo()
#4 F:\gitspace\jsshop\vendor\yiisoft\yii2\db\Command.php(216): yii\db\Connection->getSlavePdo()
#5 F:\gitspace\jsshop\vendor\yiisoft\yii2\db\Command.php(831): yii\db\Command->prepare(true)
#6 F:\gitspace\jsshop\vendor\yiisoft\yii2\db\Command.php(359): yii\db\Command->queryInternal('fetchAll', NULL)
#7 F:\gitspace\jsshop\vendor\yiisoft\yii2\db\mysql\Schema.php(198): yii\db\Command->queryAll()
#8 F:\gitspace\jsshop\vendor\yiisoft\yii2\db\mysql\Schema.php(97): yii\db\mysql\Schema->findColumns(Object(yii\db\TableSchema))
#9 F:\gitspace\jsshop\vendor\yiisoft\yii2\db\Schema.php(146): yii\db\mysql\Schema->loadTableSchema('migration')
#10 F:\gitspace\jsshop\vendor\yiisoft\yii2\console\controllers\MigrateController.php(121): yii\db\Schema->getTableSchema('{{%migration}}', true)
#11 F:\gitspace\jsshop\vendor\yiisoft\yii2\console\controllers\BaseMigrateController.php(610): yii\console\controllers\MigrateController->getMigrationHistory(NULL)
#12 F:\gitspace\jsshop\vendor\yiisoft\yii2\console\controllers\BaseMigrateController.php(102): yii\console\controllers\BaseMigrateController->getNewMigrations()
#13 [internal function]: yii\console\controllers\BaseMigrateController->actionUp(0)
#14 F:\gitspace\jsshop\vendor\yiisoft\yii2\base\InlineAction.php(55): call_user_func_array(Array, Array)
#15 F:\gitspace\jsshop\vendor\yiisoft\yii2\base\Controller.php(151): yii\base\InlineAction->runWithParams(Array)
#16 F:\gitspace\jsshop\vendor\yiisoft\yii2\console\Controller.php(91): yii\base\Controller->runAction('', Array)
#17 F:\gitspace\jsshop\vendor\yiisoft\yii2\base\Module.php(455): yii\console\Controller->runAction('', Array)
#18 F:\gitspace\jsshop\vendor\yiisoft\yii2\console\Application.php(167): yii\base\Module->runAction('migrate', Array)
#19 F:\gitspace\jsshop\vendor\yiisoft\yii2\console\Application.php(143): yii\console\Application->runAction('migrate', Array)
#20 F:\gitspace\jsshop\vendor\yiisoft\yii2\base\Application.php(375): yii\console\Application->handleRequest(Object(yii\console\Request))
#21 F:\gitspace\jsshop\yii(27): yii\base\Application->run()
#22 {main}

Next exception 'yii\db\Exception' with message 'SQLSTATE[HY000] [1049] Unknown database 'yii2advanced'' in F:\gitspace\jsshop\vendor\yiisoft\yii2\db\Connection.php:534
Stack trace:
#0 F:\gitspace\jsshop\vendor\yiisoft\yii2\db\Connection.php(836): yii\db\Connection->open()
#1 F:\gitspace\jsshop\vendor\yiisoft\yii2\db\Connection.php(823): yii\db\Connection->getMasterPdo()
#2 F:\gitspace\jsshop\vendor\yiisoft\yii2\db\Command.php(216): yii\db\Connection->getSlavePdo()
#3 F:\gitspace\jsshop\vendor\yiisoft\yii2\db\Command.php(831): yii\db\Command->prepare(true)
#4 F:\gitspace\jsshop\vendor\yiisoft\yii2\db\Command.php(359): yii\db\Command->queryInternal('fetchAll', NULL)
#5 F:\gitspace\jsshop\vendor\yiisoft\yii2\db\mysql\Schema.php(198): yii\db\Command->queryAll()
#6 F:\gitspace\jsshop\vendor\yiisoft\yii2\db\mysql\Schema.php(97): yii\db\mysql\Schema->findColumns(Object(yii\db\TableSchema))
#7 F:\gitspace\jsshop\vendor\yiisoft\yii2\db\Schema.php(146): yii\db\mysql\Schema->loadTableSchema('migration')
#8 F:\gitspace\jsshop\vendor\yiisoft\yii2\console\controllers\MigrateController.php(121): yii\db\Schema->getTableSchema('{{%migration}}', true)
#9 F:\gitspace\jsshop\vendor\yiisoft\yii2\console\controllers\BaseMigrateController.php(610): yii\console\controllers\MigrateController->getMigrationHistory(NULL)
#10 F:\gitspace\jsshop\vendor\yiisoft\yii2\console\controllers\BaseMigrateController.php(102): yii\console\controllers\BaseMigrateController->getNewMigrations()
#11 [internal function]: yii\console\controllers\BaseMigrateController->actionUp(0)
#12 F:\gitspace\jsshop\vendor\yiisoft\yii2\base\InlineAction.php(55): call_user_func_array(Array, Array)
#13 F:\gitspace\jsshop\vendor\yiisoft\yii2\base\Controller.php(151): yii\base\InlineAction->runWithParams(Array)
#14 F:\gitspace\jsshop\vendor\yiisoft\yii2\console\Controller.php(91): yii\base\Controller->runAction('', Array)
#15 F:\gitspace\jsshop\vendor\yiisoft\yii2\base\Module.php(455): yii\console\Controller->runAction('', Array)
#16 F:\gitspace\jsshop\vendor\yiisoft\yii2\console\Application.php(167): yii\base\Module->runAction('migrate', Array)
#17 F:\gitspace\jsshop\vendor\yiisoft\yii2\console\Application.php(143): yii\console\Application->runAction('migrate', Array)
#18 F:\gitspace\jsshop\vendor\yiisoft\yii2\base\Application.php(375): yii\console\Application->handleRequest(Object(yii\console\Request))
#19 F:\gitspace\jsshop\yii(27): yii\base\Application->run()
#20 {main}
Additional Information:

2015-10-20 10:05:27 [-][-][-][info][application] $_SERVER = [
    'ALLUSERSPROFILE' => 'C:\\ProgramData'
    'ANDROID_SDK_HOME' => 'E:\\Android\\sdk'
    'APPDATA' => 'C:\\Users\\sq\\AppData\\Roaming'
    'CLASSPATH' => 'C:\\Program Files\\Java\\jdk1.7.0_79\\lib;C:\\Program Files\\Java\\jdk1.7.0_79\\lib\\tools.jar'
    'CommonProgramFiles' => 'C:\\Program Files\\Common Files'
    'CommonProgramFiles(x86)' => 'C:\\Program Files (x86)\\Common Files'
    'CommonProgramW6432' => 'C:\\Program Files\\Common Files'
    'COMPUTERNAME' => 'PC'
    'ComSpec' => 'C:\\WINDOWS\\system32\\cmd.exe'
    'FPS_BROWSER_APP_PROFILE_STRING' => 'Internet Explorer'
    'FPS_BROWSER_USER_PROFILE_STRING' => 'Default'
    'FP_NO_HOST_CHECK' => 'NO'
    'GOOGLE_APPLICATION_CREDENTIALS' => 'C:\\Users\\sq\\Downloads\\client_secrets.json'
    'HOMEDRIVE' => 'C:'
    'HOMEPATH' => '\\Users\\sq'
    'JAVA_HOME' => 'C:\\Program Files\\Java\\jdk1.7.0_79'
    'LOCALAPPDATA' => 'C:\\Users\\sq\\AppData\\Local'
    'LOGONSERVER' => '\\\\PC'
    'MOZ_PLUGIN_PATH' => 'C:\\Program Files (x86)\\Foxit Software\\Foxit Reader\\plugins\\'
    'NUMBER_OF_PROCESSORS' => '8'
    'OS' => 'Windows_NT'
    'Path' => 'C:\\ProgramData\\Oracle\\Java\\javapath;C:\\WINDOWS\\system32;C:\\WINDOWS;C:\\WINDOWS\\System32\\Wbem;C:\\WINDOWS\\System32\\WindowsPowerShell\\v1.0\\;C:\\Program Files\\Java\\jdk1.7.0_79\\bin;C:\\Program Files\\Java\\jdk1.7.0_79\\jre\\bin;C:\\Program Files\\nodejs\\;C:\\Program Files (x86)\\scala\\bin;C:\\Python27;C:\\Program Files\\Google\\Cloud SDK\\google-cloud-sdk\\bin;C:\\ProgramData\\ComposerSetup\\bin;C:\\Program Files\\TortoiseSVN\\bin;E:\\wamp\\php-5.5.30-Win32-VC11-x64;C:\\Users\\sq\\AppData\\Roaming\\npm'
    'PATHEXT' => '.COM;.EXE;.BAT;.CMD;.VBS;.VBE;.JS;.JSE;.WSF;.WSH;.MSC'
    'PHP_COMMAND' => 'php.exe'
    'PROCESSOR_ARCHITECTURE' => 'AMD64'
    'PROCESSOR_IDENTIFIER' => 'Intel64 Family 6 Model 42 Stepping 7, GenuineIntel'
    'PROCESSOR_LEVEL' => '6'
    'PROCESSOR_REVISION' => '2a07'
    'ProgramData' => 'C:\\ProgramData'
    'ProgramFiles' => 'C:\\Program Files'
    'ProgramFiles(x86)' => 'C:\\Program Files (x86)'
    'ProgramW6432' => 'C:\\Program Files'
    'PROMPT' => '$P$G'
    'PSModulePath' => 'C:\\WINDOWS\\system32\\WindowsPowerShell\\v1.0\\Modules\\'
    'PUBLIC' => 'C:\\Users\\Public'
    'SESSIONNAME' => 'Console'
    'SystemDrive' => 'C:'
    'SystemRoot' => 'C:\\WINDOWS'
    'TEMP' => 'C:\\Users\\sq\\AppData\\Local\\Temp'
    'TMP' => 'C:\\Users\\sq\\AppData\\Local\\Temp'
    'USERDOMAIN' => 'pc'
    'USERDOMAIN_ROAMINGPROFILE' => 'pc'
    'USERNAME' => 'sq'
    'USERPROFILE' => 'C:\\Users\\sq'
    'VBOX_MSI_INSTALL_PATH' => 'C:\\Program Files\\Oracle\\VirtualBox\\'
    'windir' => 'C:\\WINDOWS'
    'YII_PATH' => 'F:\\gitspace\\jsshop\\'
    'PHP_SELF' => 'F:\\gitspace\\jsshop\\yii'
    'SCRIPT_NAME' => 'F:\\gitspace\\jsshop\\yii'
    'SCRIPT_FILENAME' => 'F:\\gitspace\\jsshop\\yii'
    'PATH_TRANSLATED' => 'F:\\gitspace\\jsshop\\yii'
    'DOCUMENT_ROOT' => ''
    'REQUEST_TIME_FLOAT' => 1445306727.5415
    'REQUEST_TIME' => 1445306727
    'argv' => [
        0 => 'F:\\gitspace\\jsshop\\yii'
        1 => 'migrate'
    ]
    'argc' => 2
]
